<unitImages>
  <spriteSheetLocation>images/test-animations.xml</spriteSheetLocation>
  <entry>
    <string>south</string>
    <unitImageData>
      <name>south</name>
      <numberOfFrames>5</numberOfFrames>
    </unitImageData>
  </entry>
</unitImages>